2017-08-14 16:28:25  [ main:0 ] - [ INFO ]  测试开始
2017-08-14 16:28:25  [ main:9 ] - [ ERROR ]  删除出错： null
2017-08-14 16:28:25  [ main:14 ] - [ ERROR ]  增加出错： null
2017-08-14 16:28:25  [ main:16 ] - [ INFO ]  测试查找

2017-08-14 16:28:25  [ main:17 ] - [ ERROR ]  查找出错： null
2017-08-14 16:28:25  [ main:20 ] - [ ERROR ]  修改出错： null
2017-08-14 16:28:25  [ main:23 ] - [ INFO ]  测试结束
2017-08-14 16:30:10  [ main:0 ] - [ INFO ]  测试开始
2017-08-14 16:30:10  [ main:7 ] - [ ERROR ]  删除出错： null
2017-08-14 16:30:10  [ main:14 ] - [ INFO ]  测试结束
2017-08-14 16:30:26  [ main:0 ] - [ INFO ]  测试开始
2017-08-14 16:30:26  [ main:13 ] - [ ERROR ]  删除出错： null
2017-08-14 16:30:26  [ main:23 ] - [ INFO ]  测试结束
2017-08-14 16:31:08  [ main:0 ] - [ INFO ]  测试开始
2017-08-14 16:31:08  [ main:4 ] - [ INFO ]  测试查找

2017-08-14 16:31:08  [ main:9 ] - [ ERROR ]  查找出错： null
2017-08-14 16:31:08  [ main:11 ] - [ INFO ]  测试结束
2017-08-14 16:32:32  [ main:0 ] - [ INFO ]  测试开始
2017-08-14 16:32:32  [ main:11 ] - [ INFO ]  测试查找

2017-08-14 16:32:32  [ main:16 ] - [ ERROR ]  查找出错： null
2017-08-14 16:32:32  [ main:18 ] - [ INFO ]  测试结束
2017-08-14 16:36:39  [ main:0 ] - [ INFO ]  测试开始
2017-08-14 16:36:39  [ main:3 ] - [ INFO ]  测试查找

2017-08-14 16:36:39  [ main:10 ] - [ ERROR ]  查找出错： null
2017-08-14 16:36:39  [ main:14 ] - [ INFO ]  测试结束
2017-08-14 16:38:26  [ main:1 ] - [ INFO ]  测试开始
2017-08-14 16:38:26  [ main:4 ] - [ INFO ]  测试查找

2017-08-14 16:38:26  [ main:8 ] - [ ERROR ]  查找出错： null
2017-08-14 16:38:26  [ main:10 ] - [ INFO ]  测试结束
2017-08-14 16:38:37  [ main:0 ] - [ INFO ]  测试开始
2017-08-14 16:38:37  [ main:8 ] - [ ERROR ]  增加出错： null
2017-08-14 16:38:37  [ main:17 ] - [ INFO ]  测试结束
2017-08-14 16:40:39  [ main:0 ] - [ INFO ]  测试开始
2017-08-14 16:40:39  [ main:11 ] - [ ERROR ]  删除出错： null
2017-08-14 16:40:39  [ main:14 ] - [ ERROR ]  增加出错： null
2017-08-14 16:40:39  [ main:15 ] - [ INFO ]  测试查找

2017-08-14 16:40:39  [ main:17 ] - [ ERROR ]  查找出错： null
2017-08-14 16:40:39  [ main:20 ] - [ ERROR ]  修改出错： null
2017-08-14 16:40:39  [ main:28 ] - [ INFO ]  测试结束
2017-08-14 16:42:44  [ main:0 ] - [ INFO ]  测试开始
2017-08-14 16:42:44  [ main:13 ] - [ ERROR ]  删除出错： null
2017-08-14 16:42:44  [ main:16 ] - [ ERROR ]  增加出错： null
2017-08-14 16:42:44  [ main:17 ] - [ INFO ]  测试查找

2017-08-14 16:42:44  [ main:18 ] - [ ERROR ]  查找出错： null
2017-08-14 16:42:44  [ main:21 ] - [ ERROR ]  修改出错： null
2017-08-14 16:42:44  [ main:23 ] - [ INFO ]  测试结束
2017-08-14 16:46:38  [ main:0 ] - [ INFO ]  测试开始
2017-08-14 16:46:38  [ main:10 ] - [ ERROR ]  增加出错： null
2017-08-14 16:46:38  [ main:12 ] - [ INFO ]  测试结束
2017-08-14 16:50:25  [ main:0 ] - [ DEBUG ]  SpringJUnit4ClassRunner constructor called with [class com.myspringannotation.dao.UserDaoTest]
2017-08-14 16:50:25  [ main:8 ] - [ DEBUG ]  Instantiating CacheAwareContextLoaderDelegate from class [org.springframework.test.context.cache.DefaultCacheAwareContextLoaderDelegate]
2017-08-14 16:50:25  [ main:29 ] - [ DEBUG ]  Instantiating BootstrapContext using constructor [public org.springframework.test.context.support.DefaultBootstrapContext(java.lang.Class,org.springframework.test.context.CacheAwareContextLoaderDelegate)]
2017-08-14 16:50:25  [ main:47 ] - [ DEBUG ]  Instantiating TestContextBootstrapper for test class [com.myspringannotation.dao.UserDaoTest] from class [org.springframework.test.context.support.DefaultTestContextBootstrapper]
2017-08-14 16:50:25  [ main:95 ] - [ DEBUG ]  Delegating to GenericXmlContextLoader to process context configuration [ContextConfigurationAttributes@566776ad declaringClass = 'com.myspringannotation.dao.UserDaoTest', classes = '{}', locations = '{classpath:application-Context.xml}', inheritLocations = true, initializers = '{}', inheritInitializers = true, name = [null], contextLoaderClass = 'org.springframework.test.context.ContextLoader'].
2017-08-14 16:50:25  [ main:125 ] - [ DEBUG ]  Could not find an 'annotation declaring class' for annotation type [org.springframework.test.context.ActiveProfiles] and class [com.myspringannotation.dao.UserDaoTest]
2017-08-14 16:50:25  [ main:126 ] - [ DEBUG ]  @TestExecutionListeners is not present for class [com.myspringannotation.dao.UserDaoTest]: using defaults.
2017-08-14 16:50:25  [ main:129 ] - [ INFO ]  Loaded default TestExecutionListener class names from location [META-INF/spring.factories]: [org.springframework.test.context.web.ServletTestExecutionListener, org.springframework.test.context.support.DirtiesContextBeforeModesTestExecutionListener, org.springframework.test.context.support.DependencyInjectionTestExecutionListener, org.springframework.test.context.support.DirtiesContextTestExecutionListener, org.springframework.test.context.transaction.TransactionalTestExecutionListener, org.springframework.test.context.jdbc.SqlScriptsTestExecutionListener]
2017-08-14 16:50:25  [ main:153 ] - [ INFO ]  Could not instantiate TestExecutionListener [org.springframework.test.context.web.ServletTestExecutionListener]. Specify custom listener classes or make the default listener classes (and their required dependencies) available. Offending class: [javax/servlet/ServletContext]
2017-08-14 16:50:25  [ main:161 ] - [ INFO ]  Using TestExecutionListeners: [org.springframework.test.context.support.DirtiesContextBeforeModesTestExecutionListener@215be6bb, org.springframework.test.context.support.DependencyInjectionTestExecutionListener@4439f31e, org.springframework.test.context.support.DirtiesContextTestExecutionListener@5dfcfece, org.springframework.test.context.transaction.TransactionalTestExecutionListener@23ceabc1, org.springframework.test.context.jdbc.SqlScriptsTestExecutionListener@5d5eef3d]
2017-08-14 16:50:25  [ main:166 ] - [ DEBUG ]  Retrieved @ProfileValueSourceConfiguration [null] for test class [com.myspringannotation.dao.UserDaoTest]
2017-08-14 16:50:25  [ main:168 ] - [ DEBUG ]  Retrieved ProfileValueSource type [class org.springframework.test.annotation.SystemProfileValueSource] for class [com.myspringannotation.dao.UserDaoTest]
2017-08-14 16:50:25  [ main:191 ] - [ DEBUG ]  Retrieved @ProfileValueSourceConfiguration [null] for test class [com.myspringannotation.dao.UserDaoTest]
2017-08-14 16:50:25  [ main:191 ] - [ DEBUG ]  Retrieved ProfileValueSource type [class org.springframework.test.annotation.SystemProfileValueSource] for class [com.myspringannotation.dao.UserDaoTest]
2017-08-14 16:50:25  [ main:195 ] - [ DEBUG ]  Retrieved @ProfileValueSourceConfiguration [null] for test class [com.myspringannotation.dao.UserDaoTest]
2017-08-14 16:50:25  [ main:195 ] - [ DEBUG ]  Retrieved ProfileValueSource type [class org.springframework.test.annotation.SystemProfileValueSource] for class [com.myspringannotation.dao.UserDaoTest]
2017-08-14 16:50:25  [ main:196 ] - [ DEBUG ]  Retrieved @ProfileValueSourceConfiguration [null] for test class [com.myspringannotation.dao.UserDaoTest]
2017-08-14 16:50:25  [ main:197 ] - [ DEBUG ]  Retrieved ProfileValueSource type [class org.springframework.test.annotation.SystemProfileValueSource] for class [com.myspringannotation.dao.UserDaoTest]
2017-08-14 16:50:25  [ main:201 ] - [ DEBUG ]  Before test class: context [DefaultTestContext@2b98378d testClass = UserDaoTest, testInstance = [null], testMethod = [null], testException = [null], mergedContextConfiguration = [MergedContextConfiguration@475530b9 testClass = UserDaoTest, locations = '{classpath:application-Context.xml}', classes = '{}', contextInitializerClasses = '[]', activeProfiles = '{}', propertySourceLocations = '{}', propertySourceProperties = '{}', contextCustomizers = set[[empty]], contextLoader = 'org.springframework.test.context.support.DelegatingSmartContextLoader', parent = [null]]], class annotated with @DirtiesContext [false] with mode [null].
2017-08-14 16:50:25  [ main:205 ] - [ INFO ]  测试开始
2017-08-14 16:50:25  [ main:206 ] - [ DEBUG ]  Retrieved @ProfileValueSourceConfiguration [null] for test class [com.myspringannotation.dao.UserDaoTest]
2017-08-14 16:50:25  [ main:206 ] - [ DEBUG ]  Retrieved ProfileValueSource type [class org.springframework.test.annotation.SystemProfileValueSource] for class [com.myspringannotation.dao.UserDaoTest]
2017-08-14 16:50:25  [ main:208 ] - [ DEBUG ]  Performing dependency injection for test context [[DefaultTestContext@2b98378d testClass = UserDaoTest, testInstance = com.myspringannotation.dao.UserDaoTest@5b275dab, testMethod = [null], testException = [null], mergedContextConfiguration = [MergedContextConfiguration@475530b9 testClass = UserDaoTest, locations = '{classpath:application-Context.xml}', classes = '{}', contextInitializerClasses = '[]', activeProfiles = '{}', propertySourceLocations = '{}', propertySourceProperties = '{}', contextCustomizers = set[[empty]], contextLoader = 'org.springframework.test.context.support.DelegatingSmartContextLoader', parent = [null]]]].
2017-08-14 16:50:25  [ main:209 ] - [ DEBUG ]  Delegating to GenericXmlContextLoader to load context from [MergedContextConfiguration@475530b9 testClass = UserDaoTest, locations = '{classpath:application-Context.xml}', classes = '{}', contextInitializerClasses = '[]', activeProfiles = '{}', propertySourceLocations = '{}', propertySourceProperties = '{}', contextCustomizers = set[[empty]], contextLoader = 'org.springframework.test.context.support.DelegatingSmartContextLoader', parent = [null]].
2017-08-14 16:50:25  [ main:209 ] - [ DEBUG ]  Loading ApplicationContext for merged context configuration [[MergedContextConfiguration@475530b9 testClass = UserDaoTest, locations = '{classpath:application-Context.xml}', classes = '{}', contextInitializerClasses = '[]', activeProfiles = '{}', propertySourceLocations = '{}', propertySourceProperties = '{}', contextCustomizers = set[[empty]], contextLoader = 'org.springframework.test.context.support.DelegatingSmartContextLoader', parent = [null]]].
2017-08-14 16:50:25  [ main:307 ] - [ DEBUG ]  Adding [systemProperties] PropertySource with lowest search precedence
2017-08-14 16:50:25  [ main:307 ] - [ DEBUG ]  Adding [systemEnvironment] PropertySource with lowest search precedence
2017-08-14 16:50:25  [ main:308 ] - [ DEBUG ]  Initialized StandardEnvironment with PropertySources [systemProperties,systemEnvironment]
2017-08-14 16:50:25  [ main:340 ] - [ INFO ]  Loading XML bean definitions from class path resource [application-Context.xml]
2017-08-14 16:50:25  [ main:370 ] - [ DEBUG ]  Using JAXP provider [com.sun.org.apache.xerces.internal.jaxp.DocumentBuilderFactoryImpl]
2017-08-14 16:50:25  [ main:411 ] - [ DEBUG ]  Loading schema mappings from [META-INF/spring.schemas]
2017-08-14 16:50:25  [ main:415 ] - [ DEBUG ]  Loaded schema mappings: {http://www.springframework.org/schema/tx/spring-tx-4.3.xsd=org/springframework/transaction/config/spring-tx-4.3.xsd, http://www.springframework.org/schema/tx/spring-tx-2.5.xsd=org/springframework/transaction/config/spring-tx-2.5.xsd, http://www.springframework.org/schema/cache/spring-cache-4.2.xsd=org/springframework/cache/config/spring-cache-4.2.xsd, http://www.springframework.org/schema/aop/spring-aop-4.1.xsd=org/springframework/aop/config/spring-aop-4.1.xsd, http://www.springframework.org/schema/context/spring-context-3.1.xsd=org/springframework/context/config/spring-context-3.1.xsd, http://www.springframework.org/schema/jdbc/spring-jdbc-4.1.xsd=org/springframework/jdbc/config/spring-jdbc-4.1.xsd, http://www.springframework.org/schema/mvc/spring-mvc-4.1.xsd=org/springframework/web/servlet/config/spring-mvc-4.1.xsd, http://www.springframework.org/schema/util/spring-util-3.0.xsd=org/springframework/beans/factory/xml/spring-util-3.0.xsd, http://www.springframework.org/schema/aop/spring-aop-3.2.xsd=org/springframework/aop/config/spring-aop-3.2.xsd, http://www.springframework.org/schema/tool/spring-tool.xsd=org/springframework/beans/factory/xml/spring-tool-4.3.xsd, http://mybatis.org/schema/mybatis-spring-1.2.xsd=org/mybatis/spring/config/mybatis-spring-1.2.xsd, http://www.springframework.org/schema/lang/spring-lang-4.1.xsd=org/springframework/scripting/config/spring-lang-4.1.xsd, http://www.springframework.org/schema/context/spring-context-4.0.xsd=org/springframework/context/config/spring-context-4.0.xsd, http://www.springframework.org/schema/mvc/spring-mvc-3.2.xsd=org/springframework/web/servlet/config/spring-mvc-3.2.xsd, http://www.springframework.org/schema/beans/spring-beans-4.2.xsd=org/springframework/beans/factory/xml/spring-beans-4.2.xsd, http://www.springframework.org/schema/oxm/spring-oxm-3.0.xsd=org/springframework/oxm/config/spring-oxm-3.0.xsd, http://www.springframework.org/schema/tool/spring-tool-4.1.xsd=org/springframework/beans/factory/xml/spring-tool-4.1.xsd, http://www.springframework.org/schema/lang/spring-lang-3.2.xsd=org/springframework/scripting/config/spring-lang-3.2.xsd, http://www.springframework.org/schema/cache/spring-cache-3.2.xsd=org/springframework/cache/config/spring-cache-3.2.xsd, http://www.springframework.org/schema/jee/spring-jee-4.1.xsd=org/springframework/ejb/config/spring-jee-4.1.xsd, http://www.springframework.org/schema/jdbc/spring-jdbc-3.1.xsd=org/springframework/jdbc/config/spring-jdbc-3.1.xsd, http://www.springframework.org/schema/util/spring-util-2.0.xsd=org/springframework/beans/factory/xml/spring-util-2.0.xsd, http://www.springframework.org/schema/task/spring-task-4.2.xsd=org/springframework/scheduling/config/spring-task-4.2.xsd, http://www.springframework.org/schema/tool/spring-tool-3.2.xsd=org/springframework/beans/factory/xml/spring-tool-3.2.xsd, http://www.springframework.org/schema/context/spring-context.xsd=org/springframework/context/config/spring-context-4.3.xsd, http://www.springframework.org/schema/tx/spring-tx-4.2.xsd=org/springframework/transaction/config/spring-tx-4.2.xsd, http://www.springframework.org/schema/cache/spring-cache-4.1.xsd=org/springframework/cache/config/spring-cache-4.1.xsd, http://www.springframework.org/schema/aop/spring-aop-4.0.xsd=org/springframework/aop/config/spring-aop-4.0.xsd, http://www.springframework.org/schema/jee/spring-jee-3.2.xsd=org/springframework/ejb/config/spring-jee-3.2.xsd, http://www.springframework.org/schema/context/spring-context-3.0.xsd=org/springframework/context/config/spring-context-3.0.xsd, http://www.springframework.org/schema/jdbc/spring-jdbc-4.0.xsd=org/springframework/jdbc/config/spring-jdbc-4.0.xsd, http://www.springframework.org/schema/mvc/spring-mvc-4.0.xsd=org/springframework/web/servlet/config/spring-mvc-4.0.xsd, http://www.springframework.org/schema/util/spring-util-2.5.xsd=org/springframework/beans/factory/xml/spring-util-2.5.xsd, http://www.springframework.org/schema/util/spring-util-4.3.xsd=org/springframework/beans/factory/xml/spring-util-4.3.xsd, http://www.springframework.org/schema/beans/spring-beans-3.2.xsd=org/springframework/beans/factory/xml/spring-beans-3.2.xsd, http://www.springframework.org/schema/aop/spring-aop-3.1.xsd=org/springframework/aop/config/spring-aop-3.1.xsd, http://www.springframework.org/schema/lang/spring-lang-4.0.xsd=org/springframework/scripting/config/spring-lang-4.0.xsd, http://www.springframework.org/schema/mvc/spring-mvc.xsd=org/springframework/web/servlet/config/spring-mvc-4.3.xsd, http://www.springframework.org/schema/mvc/spring-mvc-3.1.xsd=org/springframework/web/servlet/config/spring-mvc-3.1.xsd, http://www.springframework.org/schema/beans/spring-beans-4.1.xsd=org/springframework/beans/factory/xml/spring-beans-4.1.xsd, http://www.springframework.org/schema/oxm/spring-oxm-4.3.xsd=org/springframework/oxm/config/spring-oxm-4.3.xsd, http://www.springframework.org/schema/tool/spring-tool-4.0.xsd=org/springframework/beans/factory/xml/spring-tool-4.0.xsd, http://www.springframework.org/schema/tx/spring-tx-3.2.xsd=org/springframework/transaction/config/spring-tx-3.2.xsd, http://www.springframework.org/schema/lang/spring-lang-3.1.xsd=org/springframework/scripting/config/spring-lang-3.1.xsd, http://www.springframework.org/schema/cache/spring-cache-3.1.xsd=org/springframework/cache/config/spring-cache-3.1.xsd, http://www.springframework.org/schema/jee/spring-jee-4.0.xsd=org/springframework/ejb/config/spring-jee-4.0.xsd, http://www.springframework.org/schema/jdbc/spring-jdbc-3.0.xsd=org/springframework/jdbc/config/spring-jdbc-3.0.xsd, http://www.springframework.org/schema/task/spring-task-4.1.xsd=org/springframework/scheduling/config/spring-task-4.1.xsd, http://www.springframework.org/schema/jdbc/spring-jdbc.xsd=org/springframework/jdbc/config/spring-jdbc-4.3.xsd, http://www.springframework.org/schema/tool/spring-tool-3.1.xsd=org/springframework/beans/factory/xml/spring-tool-3.1.xsd, http://www.springframework.org/schema/tx/spring-tx-4.1.xsd=org/springframework/transaction/config/spring-tx-4.1.xsd, http://www.springframework.org/schema/cache/spring-cache-4.0.xsd=org/springframework/cache/config/spring-cache-4.0.xsd, http://www.springframework.org/schema/jee/spring-jee-3.1.xsd=org/springframework/ejb/config/spring-jee-3.1.xsd, http://www.springframework.org/schema/task/spring-task-3.2.xsd=org/springframework/scheduling/config/spring-task-3.2.xsd, http://www.springframework.org/schema/util/spring-util-4.2.xsd=org/springframework/beans/factory/xml/spring-util-4.2.xsd, http://www.springframework.org/schema/beans/spring-beans-3.1.xsd=org/springframework/beans/factory/xml/spring-beans-3.1.xsd, http://www.springframework.org/schema/util/spring-util.xsd=org/springframework/beans/factory/xml/spring-util-4.3.xsd, http://www.springframework.org/schema/aop/spring-aop-3.0.xsd=org/springframework/aop/config/spring-aop-3.0.xsd, http://www.springframework.org/schema/mvc/spring-mvc-3.0.xsd=org/springframework/web/servlet/config/spring-mvc-3.0.xsd, http://www.springframework.org/schema/beans/spring-beans-4.0.xsd=org/springframework/beans/factory/xml/spring-beans-4.0.xsd, http://www.springframework.org/schema/oxm/spring-oxm-4.2.xsd=org/springframework/oxm/config/spring-oxm-4.2.xsd, http://www.springframework.org/schema/beans/spring-beans.xsd=org/springframework/beans/factory/xml/spring-beans-4.3.xsd, http://www.springframework.org/schema/tx/spring-tx-3.1.xsd=org/springframework/transaction/config/spring-tx-3.1.xsd, http://www.springframework.org/schema/lang/spring-lang-3.0.xsd=org/springframework/scripting/config/spring-lang-3.0.xsd, http://mybatis.org/schema/mybatis-spring.xsd=org/mybatis/spring/config/mybatis-spring-1.2.xsd, http://www.springframework.org/schema/context/spring-context-2.5.xsd=org/springframework/context/config/spring-context-2.5.xsd, http://www.springframework.org/schema/context/spring-context-4.3.xsd=org/springframework/context/config/spring-context-4.3.xsd, http://www.springframework.org/schema/task/spring-task-4.0.xsd=org/springframework/scheduling/config/spring-task-4.0.xsd, http://www.springframework.org/schema/tool/spring-tool-3.0.xsd=org/springframework/beans/factory/xml/spring-tool-3.0.xsd, http://www.springframework.org/schema/tx/spring-tx-4.0.xsd=org/springframework/transaction/config/spring-tx-4.0.xsd, http://www.springframework.org/schema/aop/spring-aop-2.0.xsd=org/springframework/aop/config/spring-aop-2.0.xsd, http://www.springframework.org/schema/jee/spring-jee-3.0.xsd=org/springframework/ejb/config/spring-jee-3.0.xsd, http://www.springframework.org/schema/util/spring-util-4.1.xsd=org/springframework/beans/factory/xml/spring-util-4.1.xsd, http://www.springframework.org/schema/task/spring-task-3.1.xsd=org/springframework/scheduling/config/spring-task-3.1.xsd, http://www.springframework.org/schema/beans/spring-beans-3.0.xsd=org/springframework/beans/factory/xml/spring-beans-3.0.xsd, http://www.springframework.org/schema/jee/spring-jee.xsd=org/springframework/ejb/config/spring-jee-4.3.xsd, http://www.springframework.org/schema/aop/spring-aop-4.3.xsd=org/springframework/aop/config/spring-aop-4.3.xsd, http://www.springframework.org/schema/aop/spring-aop-2.5.xsd=org/springframework/aop/config/spring-aop-2.5.xsd, http://www.springframework.org/schema/lang/spring-lang-2.0.xsd=org/springframework/scripting/config/spring-lang-2.0.xsd, http://www.springframework.org/schema/jdbc/spring-jdbc-4.3.xsd=org/springframework/jdbc/config/spring-jdbc-4.3.xsd, http://www.springframework.org/schema/oxm/spring-oxm.xsd=org/springframework/oxm/config/spring-oxm-4.3.xsd, http://www.springframework.org/schema/mvc/spring-mvc-4.3.xsd=org/springframework/web/servlet/config/spring-mvc-4.3.xsd, http://www.springframework.org/schema/util/spring-util-3.2.xsd=org/springframework/beans/factory/xml/spring-util-3.2.xsd, http://www.springframework.org/schema/oxm/spring-oxm-4.1.xsd=org/springframework/oxm/config/spring-oxm-4.1.xsd, http://www.springframework.org/schema/task/spring-task.xsd=org/springframework/scheduling/config/spring-task-4.3.xsd, http://www.springframework.org/schema/tool/spring-tool-2.0.xsd=org/springframework/beans/factory/xml/spring-tool-2.0.xsd, http://www.springframework.org/schema/tx/spring-tx-3.0.xsd=org/springframework/transaction/config/spring-tx-3.0.xsd, http://www.springframework.org/schema/lang/spring-lang-2.5.xsd=org/springframework/scripting/config/spring-lang-2.5.xsd, http://www.springframework.org/schema/lang/spring-lang-4.3.xsd=org/springframework/scripting/config/spring-lang-4.3.xsd, http://www.springframework.org/schema/context/spring-context-4.2.xsd=org/springframework/context/config/spring-context-4.2.xsd, http://www.springframework.org/schema/jee/spring-jee-2.0.xsd=org/springframework/ejb/config/spring-jee-2.0.xsd, http://www.springframework.org/schema/oxm/spring-oxm-3.2.xsd=org/springframework/oxm/config/spring-oxm-3.2.xsd, http://www.springframework.org/schema/tool/spring-tool-4.3.xsd=org/springframework/beans/factory/xml/spring-tool-4.3.xsd, http://www.springframework.org/schema/tool/spring-tool-2.5.xsd=org/springframework/beans/factory/xml/spring-tool-2.5.xsd, http://www.springframework.org/schema/jee/spring-jee-4.3.xsd=org/springframework/ejb/config/spring-jee-4.3.xsd, http://www.springframework.org/schema/jee/spring-jee-2.5.xsd=org/springframework/ejb/config/spring-jee-2.5.xsd, http://www.springframework.org/schema/util/spring-util-4.0.xsd=org/springframework/beans/factory/xml/spring-util-4.0.xsd, http://www.springframework.org/schema/task/spring-task-3.0.xsd=org/springframework/scheduling/config/spring-task-3.0.xsd, http://www.springframework.org/schema/cache/spring-cache-4.3.xsd=org/springframework/cache/config/spring-cache-4.3.xsd, http://www.springframework.org/schema/aop/spring-aop-4.2.xsd=org/springframework/aop/config/spring-aop-4.2.xsd, http://www.springframework.org/schema/lang/spring-lang.xsd=org/springframework/scripting/config/spring-lang-4.3.xsd, http://www.springframework.org/schema/context/spring-context-3.2.xsd=org/springframework/context/config/spring-context-3.2.xsd, http://www.springframework.org/schema/jdbc/spring-jdbc-4.2.xsd=org/springframework/jdbc/config/spring-jdbc-4.2.xsd, http://www.springframework.org/schema/mvc/spring-mvc-4.2.xsd=org/springframework/web/servlet/config/spring-mvc-4.2.xsd, http://www.springframework.org/schema/util/spring-util-3.1.xsd=org/springframework/beans/factory/xml/spring-util-3.1.xsd, http://www.springframework.org/schema/beans/spring-beans-2.0.xsd=org/springframework/beans/factory/xml/spring-beans-2.0.xsd, http://www.springframework.org/schema/oxm/spring-oxm-4.0.xsd=org/springframework/oxm/config/spring-oxm-4.0.xsd, http://www.springframework.org/schema/cache/spring-cache.xsd=org/springframework/cache/config/spring-cache-4.3.xsd, http://www.springframework.org/schema/tx/spring-tx.xsd=org/springframework/transaction/config/spring-tx-4.3.xsd, http://www.springframework.org/schema/lang/spring-lang-4.2.xsd=org/springframework/scripting/config/spring-lang-4.2.xsd, http://www.springframework.org/schema/context/spring-context-4.1.xsd=org/springframework/context/config/spring-context-4.1.xsd, http://www.springframework.org/schema/beans/spring-beans-2.5.xsd=org/springframework/beans/factory/xml/spring-beans-2.5.xsd, http://www.springframework.org/schema/beans/spring-beans-4.3.xsd=org/springframework/beans/factory/xml/spring-beans-4.3.xsd, http://www.springframework.org/schema/oxm/spring-oxm-3.1.xsd=org/springframework/oxm/config/spring-oxm-3.1.xsd, http://www.springframework.org/schema/tool/spring-tool-4.2.xsd=org/springframework/beans/factory/xml/spring-tool-4.2.xsd, http://www.springframework.org/schema/tx/spring-tx-2.0.xsd=org/springframework/transaction/config/spring-tx-2.0.xsd, http://www.springframework.org/schema/jee/spring-jee-4.2.xsd=org/springframework/ejb/config/spring-jee-4.2.xsd, http://www.springframework.org/schema/jdbc/spring-jdbc-3.2.xsd=org/springframework/jdbc/config/spring-jdbc-3.2.xsd, http://www.springframework.org/schema/aop/spring-aop.xsd=org/springframework/aop/config/spring-aop-4.3.xsd, http://www.springframework.org/schema/task/spring-task-4.3.xsd=org/springframework/scheduling/config/spring-task-4.3.xsd}
2017-08-14 16:50:25  [ main:417 ] - [ DEBUG ]  Found XML schema [http://www.springframework.org/schema/beans/spring-beans-4.0.xsd] in classpath: org/springframework/beans/factory/xml/spring-beans-4.0.xsd
2017-08-14 16:50:25  [ main:491 ] - [ DEBUG ]  Found XML schema [http://www.springframework.org/schema/context/spring-context-4.0.xsd] in classpath: org/springframework/context/config/spring-context-4.0.xsd
2017-08-14 16:50:25  [ main:508 ] - [ DEBUG ]  Found XML schema [http://www.springframework.org/schema/tool/spring-tool-4.0.xsd] in classpath: org/springframework/beans/factory/xml/spring-tool-4.0.xsd
2017-08-14 16:50:25  [ main:521 ] - [ DEBUG ]  Loading bean definitions
2017-08-14 16:50:25  [ main:539 ] - [ DEBUG ]  Loaded NamespaceHandler mappings: {http://www.springframework.org/schema/p=org.springframework.beans.factory.xml.SimplePropertyNamespaceHandler, http://www.springframework.org/schema/mvc=org.springframework.web.servlet.config.MvcNamespaceHandler, http://www.springframework.org/schema/util=org.springframework.beans.factory.xml.UtilNamespaceHandler, http://www.springframework.org/schema/jee=org.springframework.ejb.config.JeeNamespaceHandler, http://www.springframework.org/schema/aop=org.springframework.aop.config.AopNamespaceHandler, http://www.springframework.org/schema/jdbc=org.springframework.jdbc.config.JdbcNamespaceHandler, http://www.springframework.org/schema/oxm=org.springframework.oxm.config.OxmNamespaceHandler, http://www.springframework.org/schema/cache=org.springframework.cache.config.CacheNamespaceHandler, http://mybatis.org/schema/mybatis-spring=org.mybatis.spring.config.NamespaceHandler, http://www.springframework.org/schema/c=org.springframework.beans.factory.xml.SimpleConstructorNamespaceHandler, http://www.springframework.org/schema/tx=org.springframework.transaction.config.TxNamespaceHandler, http://www.springframework.org/schema/task=org.springframework.scheduling.config.TaskNamespaceHandler, http://www.springframework.org/schema/lang=org.springframework.scripting.config.LangNamespaceHandler, http://www.springframework.org/schema/context=org.springframework.context.config.ContextNamespaceHandler}
2017-08-14 16:50:25  [ main:578 ] - [ DEBUG ]  Neither XML 'id' nor 'name' specified - using generated bean name [org.mybatis.spring.mapper.MapperScannerConfigurer#0]
2017-08-14 16:50:25  [ main:578 ] - [ DEBUG ]  Loaded 4 bean definitions from location pattern [classpath:application-Context.xml]
2017-08-14 16:50:25  [ main:601 ] - [ INFO ]  Refreshing org.springframework.context.support.GenericApplicationContext@553f17c: startup date [Mon Aug 14 16:50:25 CST 2017]; root of context hierarchy
2017-08-14 16:50:25  [ main:601 ] - [ DEBUG ]  Bean factory for org.springframework.context.support.GenericApplicationContext@553f17c: org.springframework.beans.factory.support.DefaultListableBeanFactory@545997b1: defining beans [org.springframework.context.support.PropertySourcesPlaceholderConfigurer#0,dataSource,sqlSessionFactory,org.mybatis.spring.mapper.MapperScannerConfigurer#0,org.springframework.context.annotation.internalConfigurationAnnotationProcessor,org.springframework.context.annotation.internalAutowiredAnnotationProcessor,org.springframework.context.annotation.internalRequiredAnnotationProcessor,org.springframework.context.annotation.internalCommonAnnotationProcessor,org.springframework.context.event.internalEventListenerProcessor,org.springframework.context.event.internalEventListenerFactory]; root of factory hierarchy
2017-08-14 16:50:25  [ main:652 ] - [ DEBUG ]  Creating shared instance of singleton bean 'org.springframework.context.annotation.internalConfigurationAnnotationProcessor'
2017-08-14 16:50:25  [ main:652 ] - [ DEBUG ]  Creating instance of bean 'org.springframework.context.annotation.internalConfigurationAnnotationProcessor'
2017-08-14 16:50:25  [ main:681 ] - [ DEBUG ]  Eagerly caching bean 'org.springframework.context.annotation.internalConfigurationAnnotationProcessor' to allow for resolving potential circular references
2017-08-14 16:50:25  [ main:683 ] - [ DEBUG ]  Finished creating instance of bean 'org.springframework.context.annotation.internalConfigurationAnnotationProcessor'
2017-08-14 16:50:25  [ main:742 ] - [ DEBUG ]  Creating shared instance of singleton bean 'org.mybatis.spring.mapper.MapperScannerConfigurer#0'
2017-08-14 16:50:25  [ main:742 ] - [ DEBUG ]  Creating instance of bean 'org.mybatis.spring.mapper.MapperScannerConfigurer#0'
2017-08-14 16:50:25  [ main:743 ] - [ DEBUG ]  Eagerly caching bean 'org.mybatis.spring.mapper.MapperScannerConfigurer#0' to allow for resolving potential circular references
2017-08-14 16:50:25  [ main:793 ] - [ DEBUG ]  Invoking afterPropertiesSet() on bean with name 'org.mybatis.spring.mapper.MapperScannerConfigurer#0'
2017-08-14 16:50:25  [ main:793 ] - [ DEBUG ]  Finished creating instance of bean 'org.mybatis.spring.mapper.MapperScannerConfigurer#0'
2017-08-14 16:50:25  [ main:797 ] - [ DEBUG ]  Adding [systemProperties] PropertySource with lowest search precedence
2017-08-14 16:50:25  [ main:798 ] - [ DEBUG ]  Adding [systemEnvironment] PropertySource with lowest search precedence
2017-08-14 16:50:25  [ main:798 ] - [ DEBUG ]  Initialized StandardEnvironment with PropertySources [systemProperties,systemEnvironment]
2017-08-14 16:50:25  [ main:809 ] - [ DEBUG ]  Resolved classpath location [com/myspringannotation/dao/] to resources [URL [file:/C:/LXM/JAVA/%e6%96%b0%e5%bb%ba%e6%96%87%e4%bb%b6%e5%a4%b9/MySpringAnnotation/target/test-classes/com/myspringannotation/dao/], URL [file:/C:/LXM/JAVA/%e6%96%b0%e5%bb%ba%e6%96%87%e4%bb%b6%e5%a4%b9/MySpringAnnotation/target/classes/com/myspringannotation/dao/]]
2017-08-14 16:50:25  [ main:812 ] - [ DEBUG ]  Looking for matching resources in directory tree [C:\LXM\JAVA\新建文件夹\MySpringAnnotation\target\test-classes\com\myspringannotation\dao]
2017-08-14 16:50:25  [ main:814 ] - [ DEBUG ]  Searching directory [C:\LXM\JAVA\新建文件夹\MySpringAnnotation\target\test-classes\com\myspringannotation\dao] for files matching pattern [C:/LXM/JAVA/新建文件夹/MySpringAnnotation/target/test-classes/com/myspringannotation/dao/**/*.class]
2017-08-14 16:50:25  [ main:820 ] - [ DEBUG ]  Looking for matching resources in directory tree [C:\LXM\JAVA\新建文件夹\MySpringAnnotation\target\classes\com\myspringannotation\dao]
2017-08-14 16:50:25  [ main:820 ] - [ DEBUG ]  Searching directory [C:\LXM\JAVA\新建文件夹\MySpringAnnotation\target\classes\com\myspringannotation\dao] for files matching pattern [C:/LXM/JAVA/新建文件夹/MySpringAnnotation/target/classes/com/myspringannotation/dao/**/*.class]
2017-08-14 16:50:25  [ main:821 ] - [ DEBUG ]  Resolved location pattern [classpath*:com/myspringannotation/dao/**/*.class] to resources [file [C:\LXM\JAVA\新建文件夹\MySpringAnnotation\target\test-classes\com\myspringannotation\dao\UserDaoTest.class], file [C:\LXM\JAVA\新建文件夹\MySpringAnnotation\target\classes\com\myspringannotation\dao\UserDao.class]]
2017-08-14 16:50:25  [ main:832 ] - [ DEBUG ]  Ignored because not a concrete top-level class: file [C:\LXM\JAVA\新建文件夹\MySpringAnnotation\target\test-classes\com\myspringannotation\dao\UserDaoTest.class]
2017-08-14 16:50:25  [ main:836 ] - [ DEBUG ]  Identified candidate component class: file [C:\LXM\JAVA\新建文件夹\MySpringAnnotation\target\classes\com\myspringannotation\dao\UserDao.class]
2017-08-14 16:50:25  [ main:840 ] - [ DEBUG ]  Creating MapperFactoryBean with name 'userDao' and 'com.myspringannotation.dao.UserDao' mapperInterface
2017-08-14 16:50:25  [ main:842 ] - [ DEBUG ]  Enabling autowire by type for MapperFactoryBean with name 'userDao'.
2017-08-14 16:50:25  [ main:845 ] - [ DEBUG ]  Creating shared instance of singleton bean 'org.springframework.context.support.PropertySourcesPlaceholderConfigurer#0'
2017-08-14 16:50:25  [ main:845 ] - [ DEBUG ]  Creating instance of bean 'org.springframework.context.support.PropertySourcesPlaceholderConfigurer#0'
2017-08-14 16:50:25  [ main:847 ] - [ DEBUG ]  Eagerly caching bean 'org.springframework.context.support.PropertySourcesPlaceholderConfigurer#0' to allow for resolving potential circular references
2017-08-14 16:50:26  [ main:880 ] - [ DEBUG ]  Finished creating instance of bean 'org.springframework.context.support.PropertySourcesPlaceholderConfigurer#0'
2017-08-14 16:50:26  [ main:880 ] - [ DEBUG ]  Adding [environmentProperties] PropertySource with lowest search precedence
2017-08-14 16:50:26  [ main:881 ] - [ DEBUG ]  Loading properties file from class path resource [db.properties]
2017-08-14 16:50:26  [ main:882 ] - [ DEBUG ]  Adding [localProperties] PropertySource with lowest search precedence
2017-08-14 16:50:26  [ main:884 ] - [ DEBUG ]  Could not find key 'jdbc.driver' in any property source
2017-08-14 16:50:26  [ main:884 ] - [ DEBUG ]  Found key 'jdbc.driver' in [localProperties] with type [String]
2017-08-14 16:50:26  [ main:884 ] - [ DEBUG ]  Could not find key 'jdbc.url' in any property source
2017-08-14 16:50:26  [ main:884 ] - [ DEBUG ]  Found key 'jdbc.url' in [localProperties] with type [String]
2017-08-14 16:50:26  [ main:884 ] - [ DEBUG ]  Could not find key 'jdbc.username' in any property source
2017-08-14 16:50:26  [ main:885 ] - [ DEBUG ]  Found key 'jdbc.username' in [localProperties] with type [String]
2017-08-14 16:50:26  [ main:885 ] - [ DEBUG ]  Could not find key 'jdbc.password' in any property source
2017-08-14 16:50:26  [ main:885 ] - [ DEBUG ]  Found key 'jdbc.password' in [localProperties] with type [String]
2017-08-14 16:50:26  [ main:887 ] - [ DEBUG ]  Creating shared instance of singleton bean 'org.springframework.context.annotation.internalAutowiredAnnotationProcessor'
2017-08-14 16:50:26  [ main:887 ] - [ DEBUG ]  Creating instance of bean 'org.springframework.context.annotation.internalAutowiredAnnotationProcessor'
2017-08-14 16:50:26  [ main:888 ] - [ DEBUG ]  Eagerly caching bean 'org.springframework.context.annotation.internalAutowiredAnnotationProcessor' to allow for resolving potential circular references
2017-08-14 16:50:26  [ main:900 ] - [ DEBUG ]  Finished creating instance of bean 'org.springframework.context.annotation.internalAutowiredAnnotationProcessor'
2017-08-14 16:50:26  [ main:900 ] - [ DEBUG ]  Creating shared instance of singleton bean 'org.springframework.context.annotation.internalRequiredAnnotationProcessor'
2017-08-14 16:50:26  [ main:900 ] - [ DEBUG ]  Creating instance of bean 'org.springframework.context.annotation.internalRequiredAnnotationProcessor'
2017-08-14 16:50:26  [ main:901 ] - [ DEBUG ]  Eagerly caching bean 'org.springframework.context.annotation.internalRequiredAnnotationProcessor' to allow for resolving potential circular references
2017-08-14 16:50:26  [ main:911 ] - [ DEBUG ]  Finished creating instance of bean 'org.springframework.context.annotation.internalRequiredAnnotationProcessor'
2017-08-14 16:50:26  [ main:911 ] - [ DEBUG ]  Creating shared instance of singleton bean 'org.springframework.context.annotation.internalCommonAnnotationProcessor'
2017-08-14 16:50:26  [ main:911 ] - [ DEBUG ]  Creating instance of bean 'org.springframework.context.annotation.internalCommonAnnotationProcessor'
2017-08-14 16:50:26  [ main:916 ] - [ DEBUG ]  Eagerly caching bean 'org.springframework.context.annotation.internalCommonAnnotationProcessor' to allow for resolving potential circular references
2017-08-14 16:50:26  [ main:931 ] - [ DEBUG ]  Finished creating instance of bean 'org.springframework.context.annotation.internalCommonAnnotationProcessor'
2017-08-14 16:50:26  [ main:934 ] - [ DEBUG ]  Unable to locate MessageSource with name 'messageSource': using default [org.springframework.context.support.DelegatingMessageSource@6d2a209c]
2017-08-14 16:50:26  [ main:936 ] - [ DEBUG ]  Unable to locate ApplicationEventMulticaster with name 'applicationEventMulticaster': using default [org.springframework.context.event.SimpleApplicationEventMulticaster@1f0f1111]
2017-08-14 16:50:26  [ main:938 ] - [ DEBUG ]  Pre-instantiating singletons in org.springframework.beans.factory.support.DefaultListableBeanFactory@545997b1: defining beans [org.springframework.context.support.PropertySourcesPlaceholderConfigurer#0,dataSource,sqlSessionFactory,org.mybatis.spring.mapper.MapperScannerConfigurer#0,org.springframework.context.annotation.internalConfigurationAnnotationProcessor,org.springframework.context.annotation.internalAutowiredAnnotationProcessor,org.springframework.context.annotation.internalRequiredAnnotationProcessor,org.springframework.context.annotation.internalCommonAnnotationProcessor,org.springframework.context.event.internalEventListenerProcessor,org.springframework.context.event.internalEventListenerFactory,userDao]; root of factory hierarchy
2017-08-14 16:50:26  [ main:938 ] - [ DEBUG ]  Returning cached instance of singleton bean 'org.springframework.context.support.PropertySourcesPlaceholderConfigurer#0'
2017-08-14 16:50:26  [ main:938 ] - [ DEBUG ]  Creating shared instance of singleton bean 'dataSource'
2017-08-14 16:50:26  [ main:938 ] - [ DEBUG ]  Creating instance of bean 'dataSource'
2017-08-14 16:50:26  [ main:992 ] - [ DEBUG ]  Eagerly caching bean 'dataSource' to allow for resolving potential circular references
2017-08-14 16:50:26  [ main:1047 ] - [ DEBUG ]  Finished creating instance of bean 'dataSource'
2017-08-14 16:50:26  [ main:1049 ] - [ DEBUG ]  Creating shared instance of singleton bean 'sqlSessionFactory'
2017-08-14 16:50:26  [ main:1055 ] - [ DEBUG ]  Creating instance of bean 'sqlSessionFactory'
2017-08-14 16:50:26  [ main:1089 ] - [ DEBUG ]  Logging initialized using 'class org.apache.ibatis.logging.commons.JakartaCommonsLoggingImpl' adapter.
2017-08-14 16:50:26  [ main:1097 ] - [ DEBUG ]  Eagerly caching bean 'sqlSessionFactory' to allow for resolving potential circular references
2017-08-14 16:50:26  [ main:1111 ] - [ DEBUG ]  Returning cached instance of singleton bean 'dataSource'
2017-08-14 16:50:26  [ main:1113 ] - [ DEBUG ]  Invoking afterPropertiesSet() on bean with name 'sqlSessionFactory'
2017-08-14 16:50:26  [ main:1310 ] - [ DEBUG ]  Parsed configuration file: 'class path resource [SqlMapperConfig.xml]'
2017-08-14 16:50:26  [ main:1312 ] - [ DEBUG ]  Property 'mapperLocations' was not specified or no matching resources found
2017-08-14 16:50:26  [ main:1315 ] - [ DEBUG ]  Finished creating instance of bean 'sqlSessionFactory'
2017-08-14 16:50:26  [ main:1316 ] - [ DEBUG ]  Returning cached instance of singleton bean 'org.mybatis.spring.mapper.MapperScannerConfigurer#0'
2017-08-14 16:50:26  [ main:1316 ] - [ DEBUG ]  Returning cached instance of singleton bean 'org.springframework.context.annotation.internalConfigurationAnnotationProcessor'
2017-08-14 16:50:26  [ main:1316 ] - [ DEBUG ]  Returning cached instance of singleton bean 'org.springframework.context.annotation.internalAutowiredAnnotationProcessor'
2017-08-14 16:50:26  [ main:1316 ] - [ DEBUG ]  Returning cached instance of singleton bean 'org.springframework.context.annotation.internalRequiredAnnotationProcessor'
2017-08-14 16:50:26  [ main:1317 ] - [ DEBUG ]  Returning cached instance of singleton bean 'org.springframework.context.annotation.internalCommonAnnotationProcessor'
2017-08-14 16:50:26  [ main:1317 ] - [ DEBUG ]  Creating shared instance of singleton bean 'org.springframework.context.event.internalEventListenerProcessor'
2017-08-14 16:50:26  [ main:1317 ] - [ DEBUG ]  Creating instance of bean 'org.springframework.context.event.internalEventListenerProcessor'
2017-08-14 16:50:26  [ main:1322 ] - [ DEBUG ]  Eagerly caching bean 'org.springframework.context.event.internalEventListenerProcessor' to allow for resolving potential circular references
2017-08-14 16:50:26  [ main:1327 ] - [ DEBUG ]  Finished creating instance of bean 'org.springframework.context.event.internalEventListenerProcessor'
2017-08-14 16:50:26  [ main:1327 ] - [ DEBUG ]  Creating shared instance of singleton bean 'org.springframework.context.event.internalEventListenerFactory'
2017-08-14 16:50:26  [ main:1327 ] - [ DEBUG ]  Creating instance of bean 'org.springframework.context.event.internalEventListenerFactory'
2017-08-14 16:50:26  [ main:1331 ] - [ DEBUG ]  Eagerly caching bean 'org.springframework.context.event.internalEventListenerFactory' to allow for resolving potential circular references
2017-08-14 16:50:26  [ main:1336 ] - [ DEBUG ]  Finished creating instance of bean 'org.springframework.context.event.internalEventListenerFactory'
2017-08-14 16:50:26  [ main:1337 ] - [ DEBUG ]  Creating shared instance of singleton bean 'userDao'
2017-08-14 16:50:26  [ main:1337 ] - [ DEBUG ]  Creating instance of bean 'userDao'
2017-08-14 16:50:26  [ main:1348 ] - [ DEBUG ]  Eagerly caching bean 'userDao' to allow for resolving potential circular references
2017-08-14 16:50:26  [ main:1372 ] - [ DEBUG ]  Returning cached instance of singleton bean 'sqlSessionFactory'
2017-08-14 16:50:26  [ main:1375 ] - [ DEBUG ]  Autowiring by type from bean name 'userDao' via property 'sqlSessionFactory' to bean named 'sqlSessionFactory'
2017-08-14 16:50:26  [ main:1384 ] - [ DEBUG ]  Invoking afterPropertiesSet() on bean with name 'userDao'
2017-08-14 16:50:26  [ main:1446 ] - [ DEBUG ]  Finished creating instance of bean 'userDao'
2017-08-14 16:50:26  [ main:1447 ] - [ DEBUG ]  Returning cached instance of singleton bean 'org.springframework.context.event.internalEventListenerFactory'
2017-08-14 16:50:26  [ main:1481 ] - [ DEBUG ]  Unable to locate LifecycleProcessor with name 'lifecycleProcessor': using default [org.springframework.context.support.DefaultLifecycleProcessor@1018bde2]
2017-08-14 16:50:26  [ main:1481 ] - [ DEBUG ]  Returning cached instance of singleton bean 'lifecycleProcessor'
2017-08-14 16:50:26  [ main:1491 ] - [ DEBUG ]  Returning cached instance of singleton bean 'sqlSessionFactory'
2017-08-14 16:50:26  [ main:1493 ] - [ DEBUG ]  Could not find key 'spring.liveBeansView.mbeanDomain' in any property source
2017-08-14 16:50:26  [ main:1503 ] - [ DEBUG ]  Storing ApplicationContext in cache under key [[MergedContextConfiguration@475530b9 testClass = UserDaoTest, locations = '{classpath:application-Context.xml}', classes = '{}', contextInitializerClasses = '[]', activeProfiles = '{}', propertySourceLocations = '{}', propertySourceProperties = '{}', contextCustomizers = set[[empty]], contextLoader = 'org.springframework.test.context.support.DelegatingSmartContextLoader', parent = [null]]]
2017-08-14 16:50:26  [ main:1509 ] - [ DEBUG ]  Spring test ApplicationContext cache statistics: [DefaultContextCache@36d585c size = 1, maxSize = 32, parentContextCount = 0, hitCount = 0, missCount = 1]
2017-08-14 16:50:26  [ main:1525 ] - [ DEBUG ]  Processing injected element of bean 'com.myspringannotation.dao.UserDaoTest': AutowiredFieldElement for org.springframework.context.ApplicationContext com.myspringannotation.dao.UserDaoTest.ctx
2017-08-14 16:50:26  [ main:1527 ] - [ DEBUG ]  Autowiring by type from bean name 'com.myspringannotation.dao.UserDaoTest' to bean named 'org.springframework.context.support.GenericApplicationContext@553f17c'
2017-08-14 16:50:26  [ main:1542 ] - [ DEBUG ]  Before test method: context [DefaultTestContext@2b98378d testClass = UserDaoTest, testInstance = com.myspringannotation.dao.UserDaoTest@5b275dab, testMethod = testStudyDelete@UserDaoTest, testException = [null], mergedContextConfiguration = [MergedContextConfiguration@475530b9 testClass = UserDaoTest, locations = '{classpath:application-Context.xml}', classes = '{}', contextInitializerClasses = '[]', activeProfiles = '{}', propertySourceLocations = '{}', propertySourceProperties = '{}', contextCustomizers = set[[empty]], contextLoader = 'org.springframework.test.context.support.DelegatingSmartContextLoader', parent = [null]]], class annotated with @DirtiesContext [false] with mode [null], method annotated with @DirtiesContext [false] with mode [null].
2017-08-14 16:50:26  [ main:1553 ] - [ DEBUG ]  Returning cached instance of singleton bean 'userDao'
2017-08-14 16:50:26  [ main:1570 ] - [ DEBUG ]  Creating a new SqlSession
2017-08-14 16:50:26  [ main:1581 ] - [ DEBUG ]  SqlSession [org.apache.ibatis.session.defaults.DefaultSqlSession@378542de] was not registered for synchronization because synchronization is not active
2017-08-14 16:50:26  [ main:1595 ] - [ DEBUG ]  Fetching JDBC Connection from DataSource
2017-08-14 16:50:27  [ main:1938 ] - [ DEBUG ]  JDBC Connection [jdbc:mysql://localhost:3306/first?characterEncoding=utf-8, UserName=root@localhost, MySQL Connector Java] will not be managed by Spring
2017-08-14 16:50:27  [ main:1944 ] - [ DEBUG ]  ==>  Preparing: DELETE FROM apply WHERE Id=? 
2017-08-14 16:50:27  [ main:1977 ] - [ DEBUG ]  ==> Parameters: 3(Long)
2017-08-14 16:50:27  [ main:1984 ] - [ DEBUG ]  <==    Updates: 1
2017-08-14 16:50:27  [ main:1985 ] - [ DEBUG ]  Closing non transactional SqlSession [org.apache.ibatis.session.defaults.DefaultSqlSession@378542de]
2017-08-14 16:50:27  [ main:1985 ] - [ DEBUG ]  Returning JDBC Connection to DataSource
2017-08-14 16:50:27  [ main:1986 ] - [ INFO ]  删除结果true
2017-08-14 16:50:27  [ main:1986 ] - [ DEBUG ]  After test method: context [DefaultTestContext@2b98378d testClass = UserDaoTest, testInstance = com.myspringannotation.dao.UserDaoTest@5b275dab, testMethod = testStudyDelete@UserDaoTest, testException = [null], mergedContextConfiguration = [MergedContextConfiguration@475530b9 testClass = UserDaoTest, locations = '{classpath:application-Context.xml}', classes = '{}', contextInitializerClasses = '[]', activeProfiles = '{}', propertySourceLocations = '{}', propertySourceProperties = '{}', contextCustomizers = set[[empty]], contextLoader = 'org.springframework.test.context.support.DelegatingSmartContextLoader', parent = [null]]], class annotated with @DirtiesContext [false] with mode [null], method annotated with @DirtiesContext [false] with mode [null].
2017-08-14 16:50:27  [ main:1988 ] - [ DEBUG ]  Retrieved @ProfileValueSourceConfiguration [null] for test class [com.myspringannotation.dao.UserDaoTest]
2017-08-14 16:50:27  [ main:1988 ] - [ DEBUG ]  Retrieved ProfileValueSource type [class org.springframework.test.annotation.SystemProfileValueSource] for class [com.myspringannotation.dao.UserDaoTest]
2017-08-14 16:50:27  [ main:1988 ] - [ DEBUG ]  Performing dependency injection for test context [[DefaultTestContext@2b98378d testClass = UserDaoTest, testInstance = com.myspringannotation.dao.UserDaoTest@2e3967ea, testMethod = [null], testException = [null], mergedContextConfiguration = [MergedContextConfiguration@475530b9 testClass = UserDaoTest, locations = '{classpath:application-Context.xml}', classes = '{}', contextInitializerClasses = '[]', activeProfiles = '{}', propertySourceLocations = '{}', propertySourceProperties = '{}', contextCustomizers = set[[empty]], contextLoader = 'org.springframework.test.context.support.DelegatingSmartContextLoader', parent = [null]]]].
2017-08-14 16:50:27  [ main:1988 ] - [ DEBUG ]  Retrieved ApplicationContext from cache with key [[MergedContextConfiguration@475530b9 testClass = UserDaoTest, locations = '{classpath:application-Context.xml}', classes = '{}', contextInitializerClasses = '[]', activeProfiles = '{}', propertySourceLocations = '{}', propertySourceProperties = '{}', contextCustomizers = set[[empty]], contextLoader = 'org.springframework.test.context.support.DelegatingSmartContextLoader', parent = [null]]]
2017-08-14 16:50:27  [ main:1988 ] - [ DEBUG ]  Spring test ApplicationContext cache statistics: [DefaultContextCache@36d585c size = 1, maxSize = 32, parentContextCount = 0, hitCount = 1, missCount = 1]
2017-08-14 16:50:27  [ main:1989 ] - [ DEBUG ]  Processing injected element of bean 'com.myspringannotation.dao.UserDaoTest': AutowiredFieldElement for org.springframework.context.ApplicationContext com.myspringannotation.dao.UserDaoTest.ctx
2017-08-14 16:50:27  [ main:1989 ] - [ DEBUG ]  Before test method: context [DefaultTestContext@2b98378d testClass = UserDaoTest, testInstance = com.myspringannotation.dao.UserDaoTest@2e3967ea, testMethod = testStudyInsert@UserDaoTest, testException = [null], mergedContextConfiguration = [MergedContextConfiguration@475530b9 testClass = UserDaoTest, locations = '{classpath:application-Context.xml}', classes = '{}', contextInitializerClasses = '[]', activeProfiles = '{}', propertySourceLocations = '{}', propertySourceProperties = '{}', contextCustomizers = set[[empty]], contextLoader = 'org.springframework.test.context.support.DelegatingSmartContextLoader', parent = [null]]], class annotated with @DirtiesContext [false] with mode [null], method annotated with @DirtiesContext [false] with mode [null].
2017-08-14 16:50:27  [ main:1991 ] - [ DEBUG ]  Returning cached instance of singleton bean 'userDao'
2017-08-14 16:50:27  [ main:1991 ] - [ DEBUG ]  Creating a new SqlSession
2017-08-14 16:50:27  [ main:1991 ] - [ DEBUG ]  SqlSession [org.apache.ibatis.session.defaults.DefaultSqlSession@4d5650ae] was not registered for synchronization because synchronization is not active
2017-08-14 16:50:27  [ main:1992 ] - [ DEBUG ]  Fetching JDBC Connection from DataSource
2017-08-14 16:50:27  [ main:1993 ] - [ DEBUG ]  JDBC Connection [jdbc:mysql://localhost:3306/first?characterEncoding=utf-8, UserName=root@localhost, MySQL Connector Java] will not be managed by Spring
2017-08-14 16:50:27  [ main:1993 ] - [ DEBUG ]  ==>  Preparing: INSERT INTO apply (Name,Qq,type,time,Graduate_School,student_number,Daily_link,hope,teacher,know_from,create_at,update_at)VALUES (?,?,?,?,?,?,?,?,?,?,?,?) 
2017-08-14 16:50:27  [ main:1997 ] - [ DEBUG ]  ==> Parameters: 燕小鱼(String), 11111(Integer), 前端工程师(String), 20170708(Long), 北京天天蓝大学天天玩技术学院(String), 0(Integer), http:www.jnshu.com(String), 如果我不能在IT特训营拼尽全力，为自己以后的修行路上打好基础，就让我变胖2斤！(String), 任我行(String), 知乎(String), 20170808(Long), 20170808(Long)
2017-08-14 16:50:27  [ main:2001 ] - [ DEBUG ]  <==    Updates: 1
2017-08-14 16:50:27  [ main:2001 ] - [ DEBUG ]  Closing non transactional SqlSession [org.apache.ibatis.session.defaults.DefaultSqlSession@4d5650ae]
2017-08-14 16:50:27  [ main:2001 ] - [ DEBUG ]  Returning JDBC Connection to DataSource
2017-08-14 16:50:27  [ main:2001 ] - [ INFO ]  受影响的行数1
2017-08-14 16:50:27  [ main:2001 ] - [ INFO ]  0
2017-08-14 16:50:27  [ main:2002 ] - [ DEBUG ]  After test method: context [DefaultTestContext@2b98378d testClass = UserDaoTest, testInstance = com.myspringannotation.dao.UserDaoTest@2e3967ea, testMethod = testStudyInsert@UserDaoTest, testException = [null], mergedContextConfiguration = [MergedContextConfiguration@475530b9 testClass = UserDaoTest, locations = '{classpath:application-Context.xml}', classes = '{}', contextInitializerClasses = '[]', activeProfiles = '{}', propertySourceLocations = '{}', propertySourceProperties = '{}', contextCustomizers = set[[empty]], contextLoader = 'org.springframework.test.context.support.DelegatingSmartContextLoader', parent = [null]]], class annotated with @DirtiesContext [false] with mode [null], method annotated with @DirtiesContext [false] with mode [null].
2017-08-14 16:50:27  [ main:2002 ] - [ DEBUG ]  Retrieved @ProfileValueSourceConfiguration [null] for test class [com.myspringannotation.dao.UserDaoTest]
2017-08-14 16:50:27  [ main:2002 ] - [ DEBUG ]  Retrieved ProfileValueSource type [class org.springframework.test.annotation.SystemProfileValueSource] for class [com.myspringannotation.dao.UserDaoTest]
2017-08-14 16:50:27  [ main:2003 ] - [ DEBUG ]  Performing dependency injection for test context [[DefaultTestContext@2b98378d testClass = UserDaoTest, testInstance = com.myspringannotation.dao.UserDaoTest@3012646b, testMethod = [null], testException = [null], mergedContextConfiguration = [MergedContextConfiguration@475530b9 testClass = UserDaoTest, locations = '{classpath:application-Context.xml}', classes = '{}', contextInitializerClasses = '[]', activeProfiles = '{}', propertySourceLocations = '{}', propertySourceProperties = '{}', contextCustomizers = set[[empty]], contextLoader = 'org.springframework.test.context.support.DelegatingSmartContextLoader', parent = [null]]]].
2017-08-14 16:50:27  [ main:2003 ] - [ DEBUG ]  Retrieved ApplicationContext from cache with key [[MergedContextConfiguration@475530b9 testClass = UserDaoTest, locations = '{classpath:application-Context.xml}', classes = '{}', contextInitializerClasses = '[]', activeProfiles = '{}', propertySourceLocations = '{}', propertySourceProperties = '{}', contextCustomizers = set[[empty]], contextLoader = 'org.springframework.test.context.support.DelegatingSmartContextLoader', parent = [null]]]
2017-08-14 16:50:27  [ main:2003 ] - [ DEBUG ]  Spring test ApplicationContext cache statistics: [DefaultContextCache@36d585c size = 1, maxSize = 32, parentContextCount = 0, hitCount = 2, missCount = 1]
2017-08-14 16:50:27  [ main:2003 ] - [ DEBUG ]  Processing injected element of bean 'com.myspringannotation.dao.UserDaoTest': AutowiredFieldElement for org.springframework.context.ApplicationContext com.myspringannotation.dao.UserDaoTest.ctx
2017-08-14 16:50:27  [ main:2004 ] - [ DEBUG ]  Before test method: context [DefaultTestContext@2b98378d testClass = UserDaoTest, testInstance = com.myspringannotation.dao.UserDaoTest@3012646b, testMethod = testStudySelect@UserDaoTest, testException = [null], mergedContextConfiguration = [MergedContextConfiguration@475530b9 testClass = UserDaoTest, locations = '{classpath:application-Context.xml}', classes = '{}', contextInitializerClasses = '[]', activeProfiles = '{}', propertySourceLocations = '{}', propertySourceProperties = '{}', contextCustomizers = set[[empty]], contextLoader = 'org.springframework.test.context.support.DelegatingSmartContextLoader', parent = [null]]], class annotated with @DirtiesContext [false] with mode [null], method annotated with @DirtiesContext [false] with mode [null].
2017-08-14 16:50:27  [ main:2004 ] - [ INFO ]  测试查找

2017-08-14 16:50:27  [ main:2004 ] - [ DEBUG ]  Returning cached instance of singleton bean 'userDao'
2017-08-14 16:50:27  [ main:2004 ] - [ INFO ]  测试中
2017-08-14 16:50:27  [ main:2005 ] - [ DEBUG ]  Creating a new SqlSession
2017-08-14 16:50:27  [ main:2005 ] - [ DEBUG ]  SqlSession [org.apache.ibatis.session.defaults.DefaultSqlSession@25641d39] was not registered for synchronization because synchronization is not active
2017-08-14 16:50:27  [ main:2007 ] - [ DEBUG ]  Fetching JDBC Connection from DataSource
2017-08-14 16:50:27  [ main:2007 ] - [ DEBUG ]  JDBC Connection [jdbc:mysql://localhost:3306/first?characterEncoding=utf-8, UserName=root@localhost, MySQL Connector Java] will not be managed by Spring
2017-08-14 16:50:27  [ main:2007 ] - [ DEBUG ]  ==>  Preparing: SELECT*From apply WHERE student_number = ? 
2017-08-14 16:50:27  [ main:2008 ] - [ DEBUG ]  ==> Parameters: 99(Integer)
2017-08-14 16:50:30  [ main:5553 ] - [ DEBUG ]  <==      Total: 39
2017-08-14 16:50:30  [ main:5556 ] - [ DEBUG ]  Closing non transactional SqlSession [org.apache.ibatis.session.defaults.DefaultSqlSession@25641d39]
2017-08-14 16:50:30  [ main:5556 ] - [ DEBUG ]  Returning JDBC Connection to DataSource
2017-08-14 16:50:30  [ main:5556 ] - [ INFO ]  输出查询结果
[User [id=189, Name=李小99, Qq=99, type=前端工程师, time=20170708, Graduate_School=null, student_number=0, Daily_link=null,hope =如果我不能在IT特训营拼尽全力，为自己以后的修行路上打好基础，就让我变胖2斤！, teacher=任我行, know_from=null, create_at=0, update_at=0], User [id=1189, Name=李小99, Qq=99, type=前端工程师, time=20170708, Graduate_School=null, student_number=0, Daily_link=null,hope =如果我不能在IT特训营拼尽全力，为自己以后的修行路上打好基础，就让我变胖2斤！, teacher=任我行, know_from=null, create_at=0, update_at=0], User [id=2189, Name=李小99, Qq=99, type=前端工程师, time=20170708, Graduate_School=null, student_number=0, Daily_link=null,hope =如果我不能在IT特训营拼尽全力，为自己以后的修行路上打好基础，就让我变胖2斤！, teacher=任我行, know_from=null, create_at=0, update_at=0], User [id=12189, Name=李小99, Qq=99, type=前端工程师, time=20170708, Graduate_School=null, student_number=0, Daily_link=null,hope =如果我不能在IT特训营拼尽全力，为自己以后的修行路上打好基础，就让我变胖2斤！, teacher=任我行, know_from=null, create_at=0, update_at=0], User [id=245196, Name=李小99, Qq=99, type=前端工程师, time=20170708, Graduate_School=null, student_number=0, Daily_link=null,hope =如果我不能在IT特训营拼尽全力，为自己以后的修行路上打好基础，就让我变胖2斤！, teacher=任我行, know_from=null, create_at=0, update_at=0], User [id=249196, Name=李小, Qq=99, type=前端工程师, time=20170708, Graduate_School=null, student_number=0, Daily_link=null,hope =如果我不能在IT特训营拼尽全力，为自己以后的修行路上打好基础，就让我变胖2斤！, teacher=任我行, know_from=null, create_at=0, update_at=0], User [id=249296, Name=李小, Qq=99, type=前端工程师, time=20170708, Graduate_School=null, student_number=0, Daily_link=null,hope =如果我不能在IT特训营拼尽全力，为自己以后的修行路上打好基础，就让我变胖2斤！, teacher=任我行, know_from=null, create_at=0, update_at=0], User [id=249396, Name=李小, Qq=99, type=前端工程师, time=20170708, Graduate_School=null, student_number=0, Daily_link=null,hope =如果我不能在IT特训营拼尽全力，为自己以后的修行路上打好基础，就让我变胖2斤！, teacher=任我行, know_from=null, create_at=0, update_at=0], User [id=249496, Name=李小, Qq=99, type=前端工程师, time=20170708, Graduate_School=null, student_number=0, Daily_link=null,hope =如果我不能在IT特训营拼尽全力，为自己以后的修行路上打好基础，就让我变胖2斤！, teacher=任我行, know_from=null, create_at=0, update_at=0], User [id=256496, Name=李小, Qq=99, type=前端工程师, time=20170708, Graduate_School=null, student_number=0, Daily_link=null,hope =如果我不能在IT特训营拼尽全力，为自己以后的修行路上打好基础，就让我变胖2斤！, teacher=任我行, know_from=null, create_at=0, update_at=0], User [id=278499, Name=李小99, Qq=99, type=前端工程师, time=20170708, Graduate_School=null, student_number=0, Daily_link=null,hope =如果我不能在IT特训营拼尽全力，为自己以后的修行路上打好基础，就让我变胖2斤！, teacher=任我行, know_from=null, create_at=0, update_at=0], User [id=279609, Name=李小99, Qq=99, type=前端工程师, time=20170708, Graduate_School=null, student_number=0, Daily_link=null,hope =如果我不能在IT特训营拼尽全力，为自己以后的修行路上打好基础，就让我变胖2斤！, teacher=任我行, know_from=null, create_at=0, update_at=0], User [id=279743, Name=李小99, Qq=99, type=前端工程师, time=20170708, Graduate_School=null, student_number=0, Daily_link=null,hope =如果我不能在IT特训营拼尽全力，为自己以后的修行路上打好基础，就让我变胖2斤！, teacher=任我行, know_from=null, create_at=0, update_at=0], User [id=280321, Name=李小99, Qq=99, type=前端工程师, time=20170708, Graduate_School=null, student_number=0, Daily_link=null,hope =如果我不能在IT特训营拼尽全力，为自己以后的修行路上打好基础，就让我变胖2斤！, teacher=任我行, know_from=null, create_at=0, update_at=0], User [id=280519, Name=李小99, Qq=99, type=前端工程师, time=20170708, Graduate_School=null, student_number=0, Daily_link=null,hope =如果我不能在IT特训营拼尽全力，为自己以后的修行路上打好基础，就让我变胖2斤！, teacher=任我行, know_from=null, create_at=0, update_at=0], User [id=282713, Name=李小99, Qq=99, type=前端工程师, time=20170708, Graduate_School=null, student_number=0, Daily_link=null,hope =如果我不能在IT特训营拼尽全力，为自己以后的修行路上打好基础，就让我变胖2斤！, teacher=任我行, know_from=null, create_at=0, update_at=0], User [id=289311, Name=李小99, Qq=99, type=前端工程师, time=20170708, Graduate_School=null, student_number=0, Daily_link=null,hope =如果我不能在IT特训营拼尽全力，为自己以后的修行路上打好基础，就让我变胖2斤！, teacher=任我行, know_from=null, create_at=0, update_at=0], User [id=289609, Name=李小99, Qq=99, type=前端工程师, time=20170708, Graduate_School=null, student_number=0, Daily_link=null,hope =如果我不能在IT特训营拼尽全力，为自己以后的修行路上打好基础，就让我变胖2斤！, teacher=任我行, know_from=null, create_at=0, update_at=0], User [id=309543, Name=李小99, Qq=99, type=前端工程师, time=20170708, Graduate_School=null, student_number=0, Daily_link=null,hope =如果我不能在IT特训营拼尽全力，为自己以后的修行路上打好基础，就让我变胖2斤！, teacher=任我行, know_from=null, create_at=0, update_at=0], User [id=369521, Name=李小99, Qq=99, type=前端工程师, time=20170708, Graduate_School=null, student_number=0, Daily_link=null,hope =如果我不能在IT特训营拼尽全力，为自己以后的修行路上打好基础，就让我变胖2斤！, teacher=任我行, know_from=null, create_at=0, update_at=0], User [id=389519, Name=李小99, Qq=99, type=前端工程师, time=20170708, Graduate_School=null, student_number=0, Daily_link=null,hope =如果我不能在IT特训营拼尽全力，为自己以后的修行路上打好基础，就让我变胖2斤！, teacher=任我行, know_from=null, create_at=0, update_at=0], User [id=459609, Name=李小99, Qq=99, type=前端工程师, time=20170708, Graduate_School=null, student_number=0, Daily_link=null,hope =如果我不能在IT特训营拼尽全力，为自己以后的修行路上打好基础，就让我变胖2斤！, teacher=任我行, know_from=null, create_at=0, update_at=0], User [id=461543, Name=李小99, Qq=99, type=前端工程师, time=20170708, Graduate_School=null, student_number=0, Daily_link=null,hope =如果我不能在IT特训营拼尽全力，为自己以后的修行路上打好基础，就让我变胖2斤！, teacher=任我行, know_from=null, create_at=0, update_at=0], User [id=467521, Name=李小99, Qq=99, type=前端工程师, time=20170708, Graduate_School=null, student_number=0, Daily_link=null,hope =如果我不能在IT特训营拼尽全力，为自己以后的修行路上打好基础，就让我变胖2斤！, teacher=任我行, know_from=null, create_at=0, update_at=0], User [id=469519, Name=李小99, Qq=99, type=前端工程师, time=20170708, Graduate_School=null, student_number=0, Daily_link=null,hope =如果我不能在IT特训营拼尽全力，为自己以后的修行路上打好基础，就让我变胖2斤！, teacher=任我行, know_from=null, create_at=0, update_at=0], User [id=491513, Name=李小99, Qq=99, type=前端工程师, time=20170708, Graduate_School=null, student_number=0, Daily_link=null,hope =如果我不能在IT特训营拼尽全力，为自己以后的修行路上打好基础，就让我变胖2斤！, teacher=任我行, know_from=null, create_at=0, update_at=0], User [id=557511, Name=李小99, Qq=99, type=前端工程师, time=20170708, Graduate_School=null, student_number=0, Daily_link=null,hope =如果我不能在IT特训营拼尽全力，为自己以后的修行路上打好基础，就让我变胖2斤！, teacher=任我行, know_from=null, create_at=0, update_at=0], User [id=559609, Name=李小99, Qq=99, type=前端工程师, time=20170708, Graduate_School=null, student_number=0, Daily_link=null,hope =如果我不能在IT特训营拼尽全力，为自己以后的修行路上打好基础，就让我变胖2斤！, teacher=任我行, know_from=null, create_at=0, update_at=0], User [id=579543, Name=李小99, Qq=99, type=前端工程师, time=20170708, Graduate_School=null, student_number=0, Daily_link=null,hope =如果我不能在IT特训营拼尽全力，为自己以后的修行路上打好基础，就让我变胖2斤！, teacher=任我行, know_from=null, create_at=0, update_at=0], User [id=639521, Name=李小99, Qq=99, type=前端工程师, time=20170708, Graduate_School=null, student_number=0, Daily_link=null,hope =如果我不能在IT特训营拼尽全力，为自己以后的修行路上打好基础，就让我变胖2斤！, teacher=任我行, know_from=null, create_at=0, update_at=0], User [id=659519, Name=李小99, Qq=99, type=前端工程师, time=20170708, Graduate_School=null, student_number=0, Daily_link=null,hope =如果我不能在IT特训营拼尽全力，为自己以后的修行路上打好基础，就让我变胖2斤！, teacher=任我行, know_from=null, create_at=0, update_at=0], User [id=879513, Name=李小99, Qq=99, type=前端工程师, time=20170708, Graduate_School=null, student_number=0, Daily_link=null,hope =如果我不能在IT特训营拼尽全力，为自己以后的修行路上打好基础，就让我变胖2斤！, teacher=任我行, know_from=null, create_at=0, update_at=0], User [id=1539511, Name=李小99, Qq=99, type=前端工程师, time=20170708, Graduate_School=null, student_number=0, Daily_link=null,hope =如果我不能在IT特训营拼尽全力，为自己以后的修行路上打好基础，就让我变胖2斤！, teacher=任我行, know_from=null, create_at=0, update_at=0], User [id=1559609, Name=李小99, Qq=99, type=前端工程师, time=20170708, Graduate_School=null, student_number=0, Daily_link=null,hope =如果我不能在IT特训营拼尽全力，为自己以后的修行路上打好基础，就让我变胖2斤！, teacher=任我行, know_from=null, create_at=0, update_at=0], User [id=1579543, Name=李小99, Qq=99, type=前端工程师, time=20170708, Graduate_School=null, student_number=0, Daily_link=null,hope =如果我不能在IT特训营拼尽全力，为自己以后的修行路上打好基础，就让我变胖2斤！, teacher=任我行, know_from=null, create_at=0, update_at=0], User [id=1639521, Name=李小99, Qq=99, type=前端工程师, time=20170708, Graduate_School=null, student_number=0, Daily_link=null,hope =如果我不能在IT特训营拼尽全力，为自己以后的修行路上打好基础，就让我变胖2斤！, teacher=任我行, know_from=null, create_at=0, update_at=0], User [id=1659519, Name=李小99, Qq=99, type=前端工程师, time=20170708, Graduate_School=null, student_number=0, Daily_link=null,hope =如果我不能在IT特训营拼尽全力，为自己以后的修行路上打好基础，就让我变胖2斤！, teacher=任我行, know_from=null, create_at=0, update_at=0], User [id=1879513, Name=李小99, Qq=99, type=前端工程师, time=20170708, Graduate_School=null, student_number=0, Daily_link=null,hope =如果我不能在IT特训营拼尽全力，为自己以后的修行路上打好基础，就让我变胖2斤！, teacher=任我行, know_from=null, create_at=0, update_at=0], User [id=2539511, Name=李小99, Qq=99, type=前端工程师, time=20170708, Graduate_School=null, student_number=0, Daily_link=null,hope =如果我不能在IT特训营拼尽全力，为自己以后的修行路上打好基础，就让我变胖2斤！, teacher=任我行, know_from=null, create_at=0, update_at=0]]
2017-08-14 16:50:30  [ main:5559 ] - [ DEBUG ]  After test method: context [DefaultTestContext@2b98378d testClass = UserDaoTest, testInstance = com.myspringannotation.dao.UserDaoTest@3012646b, testMethod = testStudySelect@UserDaoTest, testException = [null], mergedContextConfiguration = [MergedContextConfiguration@475530b9 testClass = UserDaoTest, locations = '{classpath:application-Context.xml}', classes = '{}', contextInitializerClasses = '[]', activeProfiles = '{}', propertySourceLocations = '{}', propertySourceProperties = '{}', contextCustomizers = set[[empty]], contextLoader = 'org.springframework.test.context.support.DelegatingSmartContextLoader', parent = [null]]], class annotated with @DirtiesContext [false] with mode [null], method annotated with @DirtiesContext [false] with mode [null].
2017-08-14 16:50:30  [ main:5559 ] - [ DEBUG ]  Retrieved @ProfileValueSourceConfiguration [null] for test class [com.myspringannotation.dao.UserDaoTest]
2017-08-14 16:50:30  [ main:5559 ] - [ DEBUG ]  Retrieved ProfileValueSource type [class org.springframework.test.annotation.SystemProfileValueSource] for class [com.myspringannotation.dao.UserDaoTest]
2017-08-14 16:50:30  [ main:5559 ] - [ DEBUG ]  Performing dependency injection for test context [[DefaultTestContext@2b98378d testClass = UserDaoTest, testInstance = com.myspringannotation.dao.UserDaoTest@750e2b97, testMethod = [null], testException = [null], mergedContextConfiguration = [MergedContextConfiguration@475530b9 testClass = UserDaoTest, locations = '{classpath:application-Context.xml}', classes = '{}', contextInitializerClasses = '[]', activeProfiles = '{}', propertySourceLocations = '{}', propertySourceProperties = '{}', contextCustomizers = set[[empty]], contextLoader = 'org.springframework.test.context.support.DelegatingSmartContextLoader', parent = [null]]]].
2017-08-14 16:50:30  [ main:5560 ] - [ DEBUG ]  Retrieved ApplicationContext from cache with key [[MergedContextConfiguration@475530b9 testClass = UserDaoTest, locations = '{classpath:application-Context.xml}', classes = '{}', contextInitializerClasses = '[]', activeProfiles = '{}', propertySourceLocations = '{}', propertySourceProperties = '{}', contextCustomizers = set[[empty]], contextLoader = 'org.springframework.test.context.support.DelegatingSmartContextLoader', parent = [null]]]
2017-08-14 16:50:30  [ main:5560 ] - [ DEBUG ]  Spring test ApplicationContext cache statistics: [DefaultContextCache@36d585c size = 1, maxSize = 32, parentContextCount = 0, hitCount = 3, missCount = 1]
2017-08-14 16:50:30  [ main:5560 ] - [ DEBUG ]  Processing injected element of bean 'com.myspringannotation.dao.UserDaoTest': AutowiredFieldElement for org.springframework.context.ApplicationContext com.myspringannotation.dao.UserDaoTest.ctx
2017-08-14 16:50:30  [ main:5561 ] - [ DEBUG ]  Before test method: context [DefaultTestContext@2b98378d testClass = UserDaoTest, testInstance = com.myspringannotation.dao.UserDaoTest@750e2b97, testMethod = testStudyUpdate@UserDaoTest, testException = [null], mergedContextConfiguration = [MergedContextConfiguration@475530b9 testClass = UserDaoTest, locations = '{classpath:application-Context.xml}', classes = '{}', contextInitializerClasses = '[]', activeProfiles = '{}', propertySourceLocations = '{}', propertySourceProperties = '{}', contextCustomizers = set[[empty]], contextLoader = 'org.springframework.test.context.support.DelegatingSmartContextLoader', parent = [null]]], class annotated with @DirtiesContext [false] with mode [null], method annotated with @DirtiesContext [false] with mode [null].
2017-08-14 16:50:30  [ main:5561 ] - [ DEBUG ]  Returning cached instance of singleton bean 'userDao'
2017-08-14 16:50:30  [ main:5561 ] - [ DEBUG ]  Creating a new SqlSession
2017-08-14 16:50:30  [ main:5561 ] - [ DEBUG ]  SqlSession [org.apache.ibatis.session.defaults.DefaultSqlSession@2e385cce] was not registered for synchronization because synchronization is not active
2017-08-14 16:50:30  [ main:5565 ] - [ DEBUG ]  Fetching JDBC Connection from DataSource
2017-08-14 16:50:30  [ main:5567 ] - [ DEBUG ]  JDBC Connection [jdbc:mysql://localhost:3306/first?characterEncoding=utf-8, UserName=root@localhost, MySQL Connector Java] will not be managed by Spring
2017-08-14 16:50:30  [ main:5567 ] - [ DEBUG ]  ==>  Preparing: UPDATE apply SET Name=? WHERE Id=? 
2017-08-14 16:50:30  [ main:5568 ] - [ DEBUG ]  ==> Parameters: 燕小鱼(String), 5(Long)
2017-08-14 16:50:30  [ main:5572 ] - [ DEBUG ]  <==    Updates: 1
2017-08-14 16:50:30  [ main:5572 ] - [ DEBUG ]  Closing non transactional SqlSession [org.apache.ibatis.session.defaults.DefaultSqlSession@2e385cce]
2017-08-14 16:50:30  [ main:5572 ] - [ DEBUG ]  Returning JDBC Connection to DataSource
2017-08-14 16:50:30  [ main:5572 ] - [ INFO ]  修改结果true
2017-08-14 16:50:30  [ main:5573 ] - [ DEBUG ]  After test method: context [DefaultTestContext@2b98378d testClass = UserDaoTest, testInstance = com.myspringannotation.dao.UserDaoTest@750e2b97, testMethod = testStudyUpdate@UserDaoTest, testException = [null], mergedContextConfiguration = [MergedContextConfiguration@475530b9 testClass = UserDaoTest, locations = '{classpath:application-Context.xml}', classes = '{}', contextInitializerClasses = '[]', activeProfiles = '{}', propertySourceLocations = '{}', propertySourceProperties = '{}', contextCustomizers = set[[empty]], contextLoader = 'org.springframework.test.context.support.DelegatingSmartContextLoader', parent = [null]]], class annotated with @DirtiesContext [false] with mode [null], method annotated with @DirtiesContext [false] with mode [null].
2017-08-14 16:50:30  [ main:5574 ] - [ INFO ]  测试结束
2017-08-14 16:50:30  [ main:5575 ] - [ DEBUG ]  After test class: context [DefaultTestContext@2b98378d testClass = UserDaoTest, testInstance = [null], testMethod = [null], testException = [null], mergedContextConfiguration = [MergedContextConfiguration@475530b9 testClass = UserDaoTest, locations = '{classpath:application-Context.xml}', classes = '{}', contextInitializerClasses = '[]', activeProfiles = '{}', propertySourceLocations = '{}', propertySourceProperties = '{}', contextCustomizers = set[[empty]], contextLoader = 'org.springframework.test.context.support.DelegatingSmartContextLoader', parent = [null]]], class annotated with @DirtiesContext [false] with mode [null].
2017-08-14 16:50:30  [ Thread-0:5577 ] - [ INFO ]  Closing org.springframework.context.support.GenericApplicationContext@553f17c: startup date [Mon Aug 14 16:50:25 CST 2017]; root of context hierarchy
2017-08-14 16:50:30  [ Thread-0:5578 ] - [ DEBUG ]  Returning cached instance of singleton bean 'sqlSessionFactory'
2017-08-14 16:50:30  [ Thread-0:5578 ] - [ DEBUG ]  Returning cached instance of singleton bean 'lifecycleProcessor'
2017-08-14 16:50:30  [ Thread-0:5578 ] - [ DEBUG ]  Destroying singletons in org.springframework.beans.factory.support.DefaultListableBeanFactory@545997b1: defining beans [org.springframework.context.support.PropertySourcesPlaceholderConfigurer#0,dataSource,sqlSessionFactory,org.mybatis.spring.mapper.MapperScannerConfigurer#0,org.springframework.context.annotation.internalConfigurationAnnotationProcessor,org.springframework.context.annotation.internalAutowiredAnnotationProcessor,org.springframework.context.annotation.internalRequiredAnnotationProcessor,org.springframework.context.annotation.internalCommonAnnotationProcessor,org.springframework.context.event.internalEventListenerProcessor,org.springframework.context.event.internalEventListenerFactory,userDao]; root of factory hierarchy
2017-08-14 16:50:30  [ Thread-0:5579 ] - [ DEBUG ]  Retrieved dependent beans for bean 'sqlSessionFactory': [userDao]
2017-08-14 16:50:30  [ Thread-0:5579 ] - [ DEBUG ]  Invoking destroy method 'close' on bean with name 'dataSource'
